<?xml version="1.0" encoding="UTF-8"?>
<!-- Generated by org.testng.reporters.JUnitReportReporter -->
<testsuite skipped="0" hostname="DESKTOP-OMMHC59" name="com.qa.orangeHRM.testcases.LoginTest" tests="1" failures="0" timestamp="2021-04-17T09:12:58 IST" time="15.685" errors="0">
  <testcase name="VerifyLoginFunctionality" time="15.685" classname="com.qa.orangeHRM.testcases.LoginTest"/>
  <system-out/>
</testsuite> <!-- com.qa.orangeHRM.testcases.LoginTest -->
