<?xml version="1.0" encoding="UTF-8"?>
<!-- Generated by org.testng.reporters.JUnitReportReporter -->
<testsuite hostname="RockOil" failures="0" tests="1" name="com.qa.orangeHRM.testcases.AddingPayGrades" time="8.801" errors="0" timestamp="2021-04-29T20:45:57 CDT" skipped="0">
  <testcase classname="com.qa.orangeHRM.testcases.AddingPayGrades" name="addingpayGrades" time="8.801"/>
  <system-out/>
</testsuite> <!-- com.qa.orangeHRM.testcases.AddingPayGrades -->
