<?xml version="1.0" encoding="UTF-8"?>
<!-- Generated by org.testng.reporters.JUnitReportReporter -->
<testsuite hostname="RockOil" failures="0" tests="1" name="com.qa.orangeHRM.testcases.EmpFileUpload" time="42.756" errors="0" timestamp="2021-04-29T21:33:43 CDT" skipped="0">
  <testcase classname="com.qa.orangeHRM.testcases.EmpFileUpload" name="EmpFileUpload" time="42.756"/>
  <system-out/>
</testsuite> <!-- com.qa.orangeHRM.testcases.EmpFileUpload -->
