<?xml version="1.0" encoding="UTF-8"?>
<!-- Generated by org.testng.reporters.JUnitReportReporter -->
<testsuite skipped="0" hostname="DESKTOP-OMMHC59" name="com.qa.orangeHRM.testcases.AddingPayGrades" tests="1" failures="0" timestamp="2021-04-19T09:02:55 IST" time="90.038" errors="0">
  <testcase name="addingpayGrades" time="90.038" classname="com.qa.orangeHRM.testcases.AddingPayGrades"/>
  <system-out/>
</testsuite> <!-- com.qa.orangeHRM.testcases.AddingPayGrades -->
